生成启动时间为 2018/12/5 19:39:45。
     1>项目“C:\Users\ASUS\Documents\GitHub\PAPA-BELONG\COM\COM\COM.vcxproj”在节点 2 上(Build 个目标)。
     1>ClCompile:
         C:\Program Files (x86)\Microsoft Visual Studio 12.0\VC\bin\CL.exe /c /AI"C:\Program Files (x86)\Reference Assemblies\Microsoft\Framework\.NETFramework\v4.5\\" /AI"C:\Program Files (x86)\Windows Kits\8.1\References\CommonConfiguration\Neutral" /AI"C:\Program Files (x86)\Reference Assemblies\Microsoft\Framework\.NETFramework\v4.5\Facades\\" /Zi /clr:pure /nologo /W3 /WX- /Od /Oy- /D WIN32 /D _DEBUG /D _UNICODE /D UNICODE /EHa /MDd /GS /fp:precise /Zc:wchar_t /Zc:forScope /Yu"stdafx.h" /Fp"Debug\COM.pch" /Fo"Debug\\" /Fd"Debug\vc120.pdb" /TP /FU"C:\Program Files (x86)\Reference Assemblies\Microsoft\Framework\.NETFramework\v4.5\mscorlib.dll" /FU"C:\Program Files (x86)\Reference Assemblies\Microsoft\Framework\.NETFramework\v4.5\System.Data.dll" /FU"C:\Program Files (x86)\Reference Assemblies\Microsoft\Framework\.NETFramework\v4.5\System.dll" /FU"C:\Program Files (x86)\Reference Assemblies\Microsoft\Framework\.NETFramework\v4.5\System.Drawing.dll" /FU"C:\Program Files (x86)\Reference Assemblies\Microsoft\Framework\.NETFramework\v4.5\System.Windows.Forms.dll" /FU"C:\Program Files (x86)\Reference Assemblies\Microsoft\Framework\.NETFramework\v4.5\System.Xml.dll" /analyze- /errorReport:prompt /clr:nostdlib COM.cpp
         COM.cpp
     1>c:\users\asus\documents\github\papa-belong\com\com\PID.h(62): warning C4305: “初始化”: 从“double”到“float”截断
     1>c:\users\asus\documents\github\papa-belong\com\com\Form1.h(2340): warning C4305: “参数”: 从“double”到“float”截断
     1>c:\users\asus\documents\github\papa-belong\com\com\Form1.h(2348): warning C4244: “=”: 从“int”转换到“float”，可能丢失数据
     1>c:\users\asus\documents\github\papa-belong\com\com\Form1.h(2348): warning C4244: “=”: 从“double”转换到“float”，可能丢失数据
     1>c:\users\asus\documents\github\papa-belong\com\com\Form1.h(2349): warning C4244: “=”: 从“int”转换到“float”，可能丢失数据
     1>c:\users\asus\documents\github\papa-belong\com\com\Form1.h(2349): warning C4244: “=”: 从“double”转换到“float”，可能丢失数据
     1>c:\users\asus\documents\github\papa-belong\com\com\Form1.h(2350): warning C4244: “=”: 从“int”转换到“float”，可能丢失数据
     1>c:\users\asus\documents\github\papa-belong\com\com\Form1.h(2350): warning C4244: “=”: 从“double”转换到“float”，可能丢失数据
     1>c:\users\asus\documents\github\papa-belong\com\com\Form1.h(2370): warning C4244: “=”: 从“double”转换到“float”，可能丢失数据
     1>c:\users\asus\documents\github\papa-belong\com\com\Form1.h(2374): warning C4244: “=”: 从“double”转换到“float”，可能丢失数据
     1>c:\users\asus\documents\github\papa-belong\com\com\Form1.h(2375): warning C4244: “=”: 从“double”转换到“float”，可能丢失数据
     1>c:\users\asus\documents\github\papa-belong\com\com\Form1.h(2376): warning C4244: “=”: 从“double”转换到“float”，可能丢失数据
     1>c:\users\asus\documents\github\papa-belong\com\com\Form1.h(2381): warning C4244: “+=”: 从“double”转换到“float”，可能丢失数据
     1>c:\users\asus\documents\github\papa-belong\com\com\Form1.h(2382): warning C4244: “+=”: 从“double”转换到“float”，可能丢失数据
     1>c:\users\asus\documents\github\papa-belong\com\com\Form1.h(2383): warning C4244: “+=”: 从“double”转换到“float”，可能丢失数据
     1>c:\users\asus\documents\github\papa-belong\com\com\Form1.h(2397): warning C4244: “=”: 从“double”转换到“float”，可能丢失数据
     1>c:\users\asus\documents\github\papa-belong\com\com\Form1.h(2400): warning C4244: “=”: 从“double”转换到“float”，可能丢失数据
     1>c:\users\asus\documents\github\papa-belong\com\com\Form1.h(2401): warning C4244: “=”: 从“double”转换到“float”，可能丢失数据
     1>c:\users\asus\documents\github\papa-belong\com\com\Form1.h(2402): warning C4244: “=”: 从“double”转换到“float”，可能丢失数据
     1>c:\users\asus\documents\github\papa-belong\com\com\Form1.h(2409): warning C4244: “+=”: 从“double”转换到“float”，可能丢失数据
     1>c:\users\asus\documents\github\papa-belong\com\com\Form1.h(2410): warning C4244: “+=”: 从“double”转换到“float”，可能丢失数据
     1>c:\users\asus\documents\github\papa-belong\com\com\Form1.h(2411): warning C4244: “+=”: 从“double”转换到“float”，可能丢失数据
     1>c:\users\asus\documents\github\papa-belong\com\com\Form1.h(2426): warning C4244: “=”: 从“double”转换到“float”，可能丢失数据
     1>c:\users\asus\documents\github\papa-belong\com\com\Form1.h(2429): warning C4244: “=”: 从“double”转换到“float”，可能丢失数据
     1>c:\users\asus\documents\github\papa-belong\com\com\Form1.h(2430): warning C4244: “=”: 从“double”转换到“float”，可能丢失数据
     1>c:\users\asus\documents\github\papa-belong\com\com\Form1.h(2431): warning C4244: “=”: 从“double”转换到“float”，可能丢失数据
     1>c:\users\asus\documents\github\papa-belong\com\com\Form1.h(2437): warning C4244: “+=”: 从“double”转换到“float”，可能丢失数据
     1>c:\users\asus\documents\github\papa-belong\com\com\Form1.h(2438): warning C4244: “+=”: 从“double”转换到“float”，可能丢失数据
     1>c:\users\asus\documents\github\papa-belong\com\com\Form1.h(2439): warning C4244: “+=”: 从“double”转换到“float”，可能丢失数据
     1>c:\users\asus\documents\github\papa-belong\com\com\form1.h(2370): warning C4700: 使用了未初始化的局部变量“temp”
       Link:
         C:\Program Files (x86)\Microsoft Visual Studio 12.0\VC\bin\link.exe /ERRORREPORT:PROMPT /OUT:"C:\Users\ASUS\Documents\GitHub\PAPA-BELONG\COM\Debug\COM.exe" /INCREMENTAL /NOLOGO /ASSEMBLYRESOURCE:Debug\COM.Form1.resources /MANIFEST /MANIFESTUAC:"level='asInvoker' uiAccess='false'" /manifest:embed /DEBUG /PDB:"C:\Users\ASUS\Documents\GitHub\PAPA-BELONG\COM\Debug\COM.pdb" /ASSEMBLYDEBUG /SUBSYSTEM:WINDOWS /TLBID:1 /ENTRY:"main" /DYNAMICBASE /FIXED:NO /NXCOMPAT /MACHINE:X86 Debug\app.res
         Debug\AssemblyInfo.obj
         Debug\COM.obj
         Debug\stdafx.obj
         "Debug\.NETFramework,Version=v4.5.AssemblyAttributes.obj"
         COM.vcxproj -> C:\Users\ASUS\Documents\GitHub\PAPA-BELONG\COM\Debug\COM.exe
     1>已完成生成项目“C:\Users\ASUS\Documents\GitHub\PAPA-BELONG\COM\COM\COM.vcxproj”(Build 个目标)的操作。

生成成功。

已用时间 00:00:03.07
